  Source.cpp
c:\users\александр\source\repos\graph\graph\vertexcircle.h(29): warning C4244: аргумент: преобразование "float" в "unsigned int", возможна потеря данных
c:\users\александр\source\repos\graph\graph\vertexcircle.h(74): warning C4244: return: преобразование "float" в "int", возможна потеря данных
c:\users\александр\source\repos\graph\graph\button.h(41): warning C4244: аргумент: преобразование "const int" в "float", возможна потеря данных
c:\users\александр\source\repos\graph\graph\button.h(41): warning C4244: аргумент: преобразование "T" в "float", возможна потеря данных
          with
          [
              T=unsigned int
          ]
c:\users\александр\source\repos\graph\graph\button.h(51): warning C4244: аргумент: преобразование "const int" в "float", возможна потеря данных
c:\users\александр\source\repos\graph\graph\button.h(51): warning C4244: аргумент: преобразование "T" в "float", возможна потеря данных
          with
          [
              T=unsigned int
          ]
c:\users\александр\source\repos\graph\graph\button.h(57): warning C4244: аргумент: преобразование "const T" в "T", возможна потеря данных
          with
          [
              T=int
          ]
          and
          [
              T=float
          ]
c:\users\александр\source\repos\graph\graph\textmessage.h(17): warning C4244: аргумент: преобразование "T" в "float", возможна потеря данных
          with
          [
              T=unsigned int
          ]
c:\users\александр\source\repos\graph\graph\textmessage.h(25): warning C4244: аргумент: преобразование "T" в "float", возможна потеря данных
          with
          [
              T=unsigned int
          ]
c:\users\александр\source\repos\graph\graph\functions.h(4): warning C4067: непредвиденные лексемы за директивой препроцессора, требуется newline
c:\users\александр\source\repos\graph\graph\functions.h(86): warning C4018: >=: несоответствие типов со знаком и без знака
c:\users\александр\source\repos\graph\graph\functions.h(98): warning C4018: >=: несоответствие типов со знаком и без знака
c:\users\александр\source\repos\graph\graph\functions.h(102): warning C4018: >=: несоответствие типов со знаком и без знака
c:\users\александр\source\repos\graph\graph\functions.h(114): warning C4018: >=: несоответствие типов со знаком и без знака
c:\users\александр\source\repos\graph\graph\functions.h(436): warning C4244: аргумент: преобразование "int" в "const float", возможна потеря данных
c:\users\александр\source\repos\graph\graph\functions.h(440): warning C4244: аргумент: преобразование "int" в "const float", возможна потеря данных
c:\users\александр\source\repos\graph\graph\functions.h(444): warning C4244: аргумент: преобразование "T" в "const float", возможна потеря данных
          with
          [
              T=unsigned int
          ]
c:\users\александр\source\repos\graph\graph\functions.h(453): warning C4244: аргумент: преобразование "int" в "const float", возможна потеря данных
c:\users\александр\source\repos\graph\graph\functions.h(457): warning C4244: аргумент: преобразование "T" в "const float", возможна потеря данных
          with
          [
              T=unsigned int
          ]
c:\users\александр\source\repos\graph\graph\functions.h(466): warning C4244: аргумент: преобразование "T" в "const float", возможна потеря данных
          with
          [
              T=unsigned int
          ]
c:\users\александр\source\repos\graph\graph\functions.h(470): warning C4244: аргумент: преобразование "T" в "const float", возможна потеря данных
          with
          [
              T=unsigned int
          ]
c:\users\александр\source\repos\graph\graph\functions.h(479): warning C4244: аргумент: преобразование "T" в "const float", возможна потеря данных
          with
          [
              T=unsigned int
          ]
c:\users\александр\source\repos\graph\graph\functions.h(522): warning C4244: аргумент: преобразование "T" в "T", возможна потеря данных
          with
          [
              T=unsigned int
          ]
          and
          [
              T=float
          ]
c:\users\александр\source\repos\graph\graph\functions.h(540): warning C4244: аргумент: преобразование "int" в "const float", возможна потеря данных
c:\users\александр\source\repos\graph\graph\functions.h(544): warning C4244: аргумент: преобразование "int" в "const float", возможна потеря данных
c:\users\александр\source\repos\graph\graph\functions.h(548): warning C4244: аргумент: преобразование "T" в "const float", возможна потеря данных
          with
          [
              T=unsigned int
          ]
c:\users\александр\source\repos\graph\graph\functions.h(553): warning C4244: аргумент: преобразование "int" в "const float", возможна потеря данных
c:\users\александр\source\repos\graph\graph\functions.h(557): warning C4244: аргумент: преобразование "T" в "const float", возможна потеря данных
          with
          [
              T=unsigned int
          ]
c:\users\александр\source\repos\graph\graph\functions.h(562): warning C4244: аргумент: преобразование "T" в "const float", возможна потеря данных
          with
          [
              T=unsigned int
          ]
c:\users\александр\source\repos\graph\graph\functions.h(566): warning C4244: аргумент: преобразование "T" в "const float", возможна потеря данных
          with
          [
              T=unsigned int
          ]
c:\users\александр\source\repos\graph\graph\functions.h(571): warning C4244: аргумент: преобразование "T" в "const float", возможна потеря данных
          with
          [
              T=unsigned int
          ]
c:\users\александр\source\repos\graph\graph\source.cpp(127): warning C4267: инициализация: преобразование из "size_t" в "int"; возможна потеря данных
c:\users\александр\source\repos\graph\graph\source.cpp(181): warning C4267: инициализация: преобразование из "size_t" в "int"; возможна потеря данных
c:\users\александр\source\repos\graph\graph\source.cpp(202): warning C4267: инициализация: преобразование из "size_t" в "int"; возможна потеря данных
c:\users\александр\source\repos\graph\graph\source.cpp(434): warning C4267: инициализация: преобразование из "size_t" в "int"; возможна потеря данных
c:\users\александр\source\repos\graph\graph\source.cpp(462): warning C4267: инициализация: преобразование из "size_t" в "int"; возможна потеря данных
c:\users\александр\source\repos\graph\graph\graph.h(402): warning C4267: инициализация: преобразование из "size_t" в "int"; возможна потеря данных
  c:\users\александр\source\repos\graph\graph\graph.h(401): note: при компиляции функции-члена "<Нет данных>" класса класс <Нет данных>
  c:\users\александр\source\repos\graph\graph\graph.h(112): note: выполняется компиляция ссылки на экземпляр шаблон функции "int Graph<int>::get_vertex_index(const std::string &)"
  c:\users\александр\source\repos\graph\graph\graph.h(100): note: при компиляции функции-члена "<Нет данных>" класса класс <Нет данных>
  c:\users\александр\source\repos\graph\graph\source.cpp(95): note: выполняется компиляция ссылки на экземпляр шаблон функции "void Graph<int>::add_vertex(const std::string &,const T &)"
          with
          [
              T=int
          ]
  c:\users\александр\source\repos\graph\graph\functions.h(261): note: выполняется компиляция ссылки на экземпляр шаблон класс "Graph<int>"
  Graph.vcxproj -> C:\Users\Александр\source\repos\Graph\x64\Debug\Graph.exe
